<?xml version="1.0" encoding="UTF-8"?>
<!-- Generated by org.testng.reporters.JUnitReportReporter -->
<testsuite skipped="0" hostname="LAPTOP-BC6AQI7G" name="Selenium.Maven.GoogleSearchTest" tests="1" failures="0" timestamp="2020-07-18T18:49:19 IST" time="5.260" errors="0">
  <testcase name="GoogleSearchDemo" time="5.260" classname="Selenium.Maven.GoogleSearchTest"/>
  <system-out/>
</testsuite> <!-- Selenium.Maven.GoogleSearchTest -->
