<?xml version="1.0" encoding="UTF-8"?>
<!-- Generated by org.testng.reporters.JUnitReportReporter -->
<testsuite skipped="0" hostname="LAPTOP-BC6AQI7G" name="Selenium.Maven.GoogleSearchDemo" tests="1" failures="0" timestamp="2020-06-22T20:03:43 IST" time="0.006" errors="0">
  <testcase name="GoogleSearchTest" time="0.006" classname="Selenium.Maven.GoogleSearchDemo"/>
  <system-out/>
</testsuite> <!-- Selenium.Maven.GoogleSearchDemo -->
